  [1m[35m (2.2ms)[0m  [1m[35mCREATE TABLE "schema_migrations" ("version" varchar NOT NULL PRIMARY KEY)[0m
  [1m[35m (1.1ms)[0m  [1m[35mCREATE TABLE "ar_internal_metadata" ("key" varchar NOT NULL PRIMARY KEY, "value" varchar, "created_at" datetime NOT NULL, "updated_at" datetime NOT NULL)[0m
  [1m[36mActiveRecord::SchemaMigration Load (0.2ms)[0m  [1m[34mSELECT "schema_migrations".* FROM "schema_migrations"[0m
Migrating to CreateUsers (20170125171226)
  [1m[35m (0.1ms)[0m  [1m[36mbegin transaction[0m
  [1m[35m (0.7ms)[0m  [1m[35mCREATE TABLE "users" ("id" INTEGER PRIMARY KEY AUTOINCREMENT NOT NULL, "latitude" float, "longitude" float, "name" varchar, "address" varchar, "title" varchar, "created_at" datetime NOT NULL, "updated_at" datetime NOT NULL)[0m
  [1m[35mSQL (0.2ms)[0m  [1m[32mINSERT INTO "schema_migrations" ("version") VALUES (?)[0m  [["version", "20170125171226"]]
  [1m[35m (0.8ms)[0m  [1m[36mcommit transaction[0m
  [1m[36mActiveRecord::InternalMetadata Load (0.2ms)[0m  [1m[34mSELECT  "ar_internal_metadata".* FROM "ar_internal_metadata" WHERE "ar_internal_metadata"."key" = ? LIMIT ?[0m  [["key", :environment], ["LIMIT", 1]]
  [1m[35m (0.1ms)[0m  [1m[36mbegin transaction[0m
  [1m[35mSQL (0.3ms)[0m  [1m[32mINSERT INTO "ar_internal_metadata" ("key", "value", "created_at", "updated_at") VALUES (?, ?, ?, ?)[0m  [["key", "environment"], ["value", "development"], ["created_at", 2017-01-25 17:12:36 UTC], ["updated_at", 2017-01-25 17:12:36 UTC]]
  [1m[35m (0.7ms)[0m  [1m[36mcommit transaction[0m
  [1m[36mActiveRecord::SchemaMigration Load (0.1ms)[0m  [1m[34mSELECT "schema_migrations".* FROM "schema_migrations"[0m
Started GET "/" for ::1 at 2017-01-25 18:12:55 +0100
  [1m[36mActiveRecord::SchemaMigration Load (0.2ms)[0m  [1m[34mSELECT "schema_migrations".* FROM "schema_migrations"[0m
Processing by Rails::WelcomeController#index as HTML
  Parameters: {"internal"=>true}
  Rendering /Users/kallelundgren/.rbenv/versions/2.3.1/lib/ruby/gems/2.3.0/gems/railties-5.0.1/lib/rails/templates/rails/welcome/index.html.erb
  Rendered /Users/kallelundgren/.rbenv/versions/2.3.1/lib/ruby/gems/2.3.0/gems/railties-5.0.1/lib/rails/templates/rails/welcome/index.html.erb (6.1ms)
Completed 200 OK in 33ms (Views: 15.6ms | ActiveRecord: 0.0ms)


Started GET "/" for ::1 at 2017-01-25 18:13:58 +0100
  [1m[36mActiveRecord::SchemaMigration Load (0.2ms)[0m  [1m[34mSELECT "schema_migrations".* FROM "schema_migrations"[0m
Processing by UsersController#index as HTML
  Rendering users/index.html.erb within layouts/application
  Rendered users/index.html.erb within layouts/application (17.8ms)
Completed 500 Internal Server Error in 47ms (ActiveRecord: 0.0ms)


  
ActionView::Template::Error (The `content_tag_for` method has been removed from Rails. To continue using it, add the `record_tag_helper` gem to your Gemfile:
  gem 'record_tag_helper', '~> 1.0'
Consult the Rails upgrade guide for details.):
    22:     </thead>
    23: 
    24:     <tbody>
    25:       <%= content_tag_for(:tr, @users) do |user| %>
    26:             <td><%= user.latitude %></td>
    27:             <td><%= user.longitude %></td>
    28:             <td><%= user.name %></td>
  
app/views/users/index.html.erb:25:in `_app_views_users_index_html_erb__2974814723727026915_70180610750280'
  Rendering /Users/kallelundgren/.rbenv/versions/2.3.1/lib/ruby/gems/2.3.0/gems/actionpack-5.0.1/lib/action_dispatch/middleware/templates/rescues/template_error.html.erb within rescues/layout
  Rendering /Users/kallelundgren/.rbenv/versions/2.3.1/lib/ruby/gems/2.3.0/gems/actionpack-5.0.1/lib/action_dispatch/middleware/templates/rescues/_source.html.erb
  Rendered /Users/kallelundgren/.rbenv/versions/2.3.1/lib/ruby/gems/2.3.0/gems/actionpack-5.0.1/lib/action_dispatch/middleware/templates/rescues/_source.html.erb (5.2ms)
  Rendering /Users/kallelundgren/.rbenv/versions/2.3.1/lib/ruby/gems/2.3.0/gems/actionpack-5.0.1/lib/action_dispatch/middleware/templates/rescues/_trace.html.erb
  Rendered /Users/kallelundgren/.rbenv/versions/2.3.1/lib/ruby/gems/2.3.0/gems/actionpack-5.0.1/lib/action_dispatch/middleware/templates/rescues/_trace.html.erb (3.9ms)
  Rendering /Users/kallelundgren/.rbenv/versions/2.3.1/lib/ruby/gems/2.3.0/gems/actionpack-5.0.1/lib/action_dispatch/middleware/templates/rescues/_request_and_response.html.erb
  Rendered /Users/kallelundgren/.rbenv/versions/2.3.1/lib/ruby/gems/2.3.0/gems/actionpack-5.0.1/lib/action_dispatch/middleware/templates/rescues/_request_and_response.html.erb (0.9ms)
  Rendered /Users/kallelundgren/.rbenv/versions/2.3.1/lib/ruby/gems/2.3.0/gems/actionpack-5.0.1/lib/action_dispatch/middleware/templates/rescues/template_error.html.erb within rescues/layout (128.3ms)
Started GET "/" for ::1 at 2017-01-25 18:14:51 +0100
  [1m[36mActiveRecord::SchemaMigration Load (0.2ms)[0m  [1m[34mSELECT "schema_migrations".* FROM "schema_migrations"[0m
Processing by UsersController#index as HTML
  Rendering users/index.html.erb within layouts/application
  [1m[36mUser Load (0.2ms)[0m  [1m[34mSELECT "users".* FROM "users"[0m
  Rendered users/index.html.erb within layouts/application (10.2ms)
Completed 200 OK in 7382ms (Views: 7362.0ms | ActiveRecord: 0.8ms)


Started GET "/users/new" for ::1 at 2017-01-25 18:15:02 +0100
Processing by UsersController#new as HTML
  Rendering users/new.html.erb within layouts/application
  Rendered users/_form.html.erb (24.0ms)
  Rendered users/new.html.erb within layouts/application (26.6ms)
Completed 200 OK in 102ms (Views: 90.0ms | ActiveRecord: 1.4ms)


Started POST "/users" for ::1 at 2017-01-25 18:15:19 +0100
Processing by UsersController#create as HTML
  Parameters: {"utf8"=>"✓", "authenticity_token"=>"UU7P4HGooRGHtdowfFmcZ4Lqu0LC1QrF6yj71nQJU4hPS/QQeqdBw5bMslCwrtXpRMLOO9if6rYyZb8mihuamA==", "user"=>{"latitude"=>"", "longitude"=>"", "name"=>"Kalle", "address"=>"Linghed Dalarna SWEDEN", "title"=>"Boss"}, "commit"=>"Create User"}
  [1m[35m (0.7ms)[0m  [1m[36mbegin transaction[0m
  [1m[35mSQL (0.6ms)[0m  [1m[32mINSERT INTO "users" ("name", "address", "title", "created_at", "updated_at") VALUES (?, ?, ?, ?, ?)[0m  [["name", "Kalle"], ["address", "Linghed Dalarna SWEDEN"], ["title", "Boss"], ["created_at", 2017-01-25 17:15:19 UTC], ["updated_at", 2017-01-25 17:15:19 UTC]]
  [1m[35m (0.8ms)[0m  [1m[36mcommit transaction[0m
Redirected to http://localhost:3000/users/1
Completed 302 Found in 10ms (ActiveRecord: 2.1ms)


Started GET "/users/1" for ::1 at 2017-01-25 18:15:19 +0100
Processing by UsersController#show as HTML
  Parameters: {"id"=>"1"}
  [1m[36mUser Load (0.8ms)[0m  [1m[34mSELECT  "users".* FROM "users" WHERE "users"."id" = ? LIMIT ?[0m  [["id", 1], ["LIMIT", 1]]
  Rendering users/show.html.erb within layouts/application
  Rendered users/show.html.erb within layouts/application (1.0ms)
Completed 200 OK in 66ms (Views: 57.9ms | ActiveRecord: 0.8ms)


Started GET "/users/1" for ::1 at 2017-01-25 18:16:46 +0100
Processing by UsersController#show as HTML
  Parameters: {"id"=>"1"}
  [1m[36mUser Load (0.1ms)[0m  [1m[34mSELECT  "users".* FROM "users" WHERE "users"."id" = ? LIMIT ?[0m  [["id", 1], ["LIMIT", 1]]
  Rendering users/show.html.erb within layouts/application
  Rendered users/show.html.erb within layouts/application (1.4ms)
Completed 200 OK in 83ms (Views: 64.6ms | ActiveRecord: 1.1ms)


Started GET "/users" for ::1 at 2017-01-25 18:16:50 +0100
Processing by UsersController#index as HTML
  Rendering users/index.html.erb within layouts/application
  [1m[36mUser Load (0.4ms)[0m  [1m[34mSELECT "users".* FROM "users"[0m
  Rendered users/index.html.erb within layouts/application (3.8ms)
Completed 200 OK in 66ms (Views: 63.6ms | ActiveRecord: 0.4ms)


Started GET "/users/new" for ::1 at 2017-01-25 18:16:51 +0100
Processing by UsersController#new as HTML
  Rendering users/new.html.erb within layouts/application
  Rendered users/_form.html.erb (4.8ms)
  Rendered users/new.html.erb within layouts/application (7.7ms)
Completed 200 OK in 74ms (Views: 70.5ms | ActiveRecord: 0.0ms)


Started POST "/users" for ::1 at 2017-01-25 18:17:12 +0100
Processing by UsersController#create as HTML
  Parameters: {"utf8"=>"✓", "authenticity_token"=>"T5giV7gGW9rKPSnSmYKqKxRHSgif6gkq5OeEjgxNJt9RnRmnswm7CNtEQbJVdeOl0m8/cYWg6Vk9qsB+8l/vzw==", "user"=>{"latitude"=>"", "longitude"=>"", "name"=>"Kalleballe", "address"=>"Linghed Dalarna Sweden", "title"=>"hobo"}, "commit"=>"Create User"}
  [1m[35m (0.2ms)[0m  [1m[36mbegin transaction[0m
  [1m[35mSQL (0.4ms)[0m  [1m[32mINSERT INTO "users" ("latitude", "longitude", "name", "address", "title", "created_at", "updated_at") VALUES (?, ?, ?, ?, ?, ?, ?)[0m  [["latitude", 60.78111], ["longitude", 15.85569], ["name", "Kalleballe"], ["address", "Linghed Dalarna Sweden"], ["title", "hobo"], ["created_at", 2017-01-25 17:17:13 UTC], ["updated_at", 2017-01-25 17:17:13 UTC]]
  [1m[35m (2.4ms)[0m  [1m[36mcommit transaction[0m
Redirected to http://localhost:3000/users/2
Completed 302 Found in 514ms (ActiveRecord: 3.1ms)


Started GET "/users/2" for ::1 at 2017-01-25 18:17:13 +0100
Processing by UsersController#show as HTML
  Parameters: {"id"=>"2"}
  [1m[36mUser Load (0.2ms)[0m  [1m[34mSELECT  "users".* FROM "users" WHERE "users"."id" = ? LIMIT ?[0m  [["id", 2], ["LIMIT", 1]]
  Rendering users/show.html.erb within layouts/application
  Rendered users/show.html.erb within layouts/application (1.1ms)
Completed 200 OK in 63ms (Views: 60.5ms | ActiveRecord: 0.2ms)


Started GET "/users" for ::1 at 2017-01-25 18:17:37 +0100
Processing by UsersController#index as HTML
  Rendering users/index.html.erb within layouts/application
  [1m[36mUser Load (0.6ms)[0m  [1m[34mSELECT "users".* FROM "users"[0m
  Rendered users/index.html.erb within layouts/application (4.1ms)
Completed 200 OK in 67ms (Views: 63.9ms | ActiveRecord: 0.6ms)


Started GET "/users/new" for ::1 at 2017-01-25 18:17:38 +0100
Processing by UsersController#new as HTML
  Rendering users/new.html.erb within layouts/application
  Rendered users/_form.html.erb (6.1ms)
  Rendered users/new.html.erb within layouts/application (9.4ms)
Completed 200 OK in 87ms (Views: 83.1ms | ActiveRecord: 0.0ms)


Started POST "/users" for ::1 at 2017-01-25 18:17:57 +0100
Processing by UsersController#create as HTML
  Parameters: {"utf8"=>"✓", "authenticity_token"=>"sBUlIBHVSk7In0wsVtsnI1LZkG9JJ/M8VriLVe7gUkKuEB7QGtqqnNnmJEyaLG6tlPHlFlNtE0+P9c+lEPKbUg==", "user"=>{"latitude"=>"", "longitude"=>"", "name"=>"Zach", "address"=>"Denver Colorado USA", "title"=>"Coding student"}, "commit"=>"Create User"}
  [1m[35m (0.3ms)[0m  [1m[36mbegin transaction[0m
  [1m[35mSQL (0.7ms)[0m  [1m[32mINSERT INTO "users" ("latitude", "longitude", "name", "address", "title", "created_at", "updated_at") VALUES (?, ?, ?, ?, ?, ?, ?)[0m  [["latitude", 39.7392358], ["longitude", -104.990251], ["name", "Zach"], ["address", "Denver Colorado USA"], ["title", "Coding student"], ["created_at", 2017-01-25 17:17:58 UTC], ["updated_at", 2017-01-25 17:17:58 UTC]]
  [1m[35m (2.7ms)[0m  [1m[36mcommit transaction[0m
Redirected to http://localhost:3000/users/3
Completed 302 Found in 679ms (ActiveRecord: 3.7ms)


Started GET "/users/3" for ::1 at 2017-01-25 18:17:58 +0100
Processing by UsersController#show as HTML
  Parameters: {"id"=>"3"}
  [1m[36mUser Load (0.2ms)[0m  [1m[34mSELECT  "users".* FROM "users" WHERE "users"."id" = ? LIMIT ?[0m  [["id", 3], ["LIMIT", 1]]
  Rendering users/show.html.erb within layouts/application
  Rendered users/show.html.erb within layouts/application (1.0ms)
Completed 200 OK in 78ms (Views: 75.9ms | ActiveRecord: 0.2ms)


Started GET "/users/3" for ::1 at 2017-01-25 18:23:23 +0100
  [1m[36mActiveRecord::SchemaMigration Load (0.2ms)[0m  [1m[34mSELECT "schema_migrations".* FROM "schema_migrations"[0m
Processing by UsersController#show as HTML
  Parameters: {"id"=>"3"}
  [1m[36mUser Load (0.4ms)[0m  [1m[34mSELECT  "users".* FROM "users" WHERE "users"."id" = ? LIMIT ?[0m  [["id", 3], ["LIMIT", 1]]
  Rendering users/show.html.erb within layouts/application
  Rendered users/show.html.erb within layouts/application (6.6ms)
Started GET "/users" for ::1 at 2017-01-25 18:23:24 +0100
Processing by UsersController#index as HTML
  Rendering users/index.html.erb within layouts/application
  [1m[36mUser Load (0.6ms)[0m  [1m[34mSELECT "users".* FROM "users"[0m
  Rendered users/index.html.erb within layouts/application (4.7ms)
Completed 200 OK in 11004ms (Views: 11001.6ms | ActiveRecord: 0.6ms)


Completed 200 OK in 12156ms (Views: 12112.4ms | ActiveRecord: 1.2ms)


Started GET "/users" for ::1 at 2017-01-25 18:23:40 +0100
Processing by UsersController#index as HTML
  Rendering users/index.html.erb within layouts/application
  [1m[36mUser Load (0.6ms)[0m  [1m[34mSELECT "users".* FROM "users"[0m
  Rendered users/index.html.erb within layouts/application (4.4ms)
Completed 200 OK in 113ms (Views: 110.6ms | ActiveRecord: 0.6ms)


Started DELETE "/users/1" for ::1 at 2017-01-25 18:23:44 +0100
Processing by UsersController#destroy as HTML
  Parameters: {"authenticity_token"=>"cT4gBXYIYIs70TkeyUa8E1SzqWoF9NVdXV5jMUuOfeLSmg79f2EJBU6tM0d9e6F83pGKaRKFi9QxiQayuOdv7A==", "id"=>"1"}
  [1m[36mUser Load (0.2ms)[0m  [1m[34mSELECT  "users".* FROM "users" WHERE "users"."id" = ? LIMIT ?[0m  [["id", 1], ["LIMIT", 1]]
  [1m[35m (0.1ms)[0m  [1m[36mbegin transaction[0m
  [1m[35mSQL (0.5ms)[0m  [1m[31mDELETE FROM "users" WHERE "users"."id" = ?[0m  [["id", 1]]
  [1m[35m (2.0ms)[0m  [1m[36mcommit transaction[0m
Redirected to http://localhost:3000/users
Completed 302 Found in 7ms (ActiveRecord: 2.7ms)


Started GET "/users" for ::1 at 2017-01-25 18:23:44 +0100
Processing by UsersController#index as HTML
  Rendering users/index.html.erb within layouts/application
  [1m[36mUser Load (0.6ms)[0m  [1m[34mSELECT "users".* FROM "users"[0m
  Rendered users/index.html.erb within layouts/application (3.0ms)
Completed 200 OK in 110ms (Views: 107.1ms | ActiveRecord: 0.6ms)


Started GET "/users" for ::1 at 2017-01-25 18:27:05 +0100
  [1m[36mActiveRecord::SchemaMigration Load (0.3ms)[0m  [1m[34mSELECT "schema_migrations".* FROM "schema_migrations"[0m
Processing by UsersController#index as HTML
  Rendering users/index.html.erb within layouts/application
  [1m[36mUser Load (0.2ms)[0m  [1m[34mSELECT "users".* FROM "users"[0m
  Rendered users/index.html.erb within layouts/application (14.8ms)
Completed 200 OK in 712ms (Views: 688.5ms | ActiveRecord: 0.8ms)


Started GET "/users" for ::1 at 2017-01-25 18:27:53 +0100
Processing by UsersController#index as HTML
  Rendering users/index.html.erb within layouts/application
  [1m[36mUser Load (0.2ms)[0m  [1m[34mSELECT "users".* FROM "users"[0m
  Rendered users/index.html.erb within layouts/application (2.9ms)
Completed 200 OK in 115ms (Views: 112.2ms | ActiveRecord: 0.2ms)


  
ActionController::RoutingError (No route matches [GET] "/assets/underscore-min.map"):
  
actionpack (5.0.1) lib/action_dispatch/middleware/debug_exceptions.rb:53:in `call'
web-console (3.4.0) lib/web_console/middleware.rb:135:in `call_app'
web-console (3.4.0) lib/web_console/middleware.rb:28:in `block in call'
web-console (3.4.0) lib/web_console/middleware.rb:18:in `catch'
web-console (3.4.0) lib/web_console/middleware.rb:18:in `call'
actionpack (5.0.1) lib/action_dispatch/middleware/show_exceptions.rb:31:in `call'
railties (5.0.1) lib/rails/rack/logger.rb:36:in `call_app'
railties (5.0.1) lib/rails/rack/logger.rb:24:in `block in call'
activesupport (5.0.1) lib/active_support/tagged_logging.rb:69:in `block in tagged'
activesupport (5.0.1) lib/active_support/tagged_logging.rb:26:in `tagged'
activesupport (5.0.1) lib/active_support/tagged_logging.rb:69:in `tagged'
railties (5.0.1) lib/rails/rack/logger.rb:24:in `call'
sprockets-rails (3.2.0) lib/sprockets/rails/quiet_assets.rb:11:in `block in call'
activesupport (5.0.1) lib/active_support/logger_silence.rb:20:in `silence'
activesupport (5.0.1) lib/active_support/logger.rb:63:in `block (3 levels) in broadcast'
activesupport (5.0.1) lib/active_support/logger_silence.rb:20:in `silence'
activesupport (5.0.1) lib/active_support/logger.rb:61:in `block (2 levels) in broadcast'
sprockets-rails (3.2.0) lib/sprockets/rails/quiet_assets.rb:11:in `call'
actionpack (5.0.1) lib/action_dispatch/middleware/request_id.rb:24:in `call'
rack (2.0.1) lib/rack/method_override.rb:22:in `call'
rack (2.0.1) lib/rack/runtime.rb:22:in `call'
activesupport (5.0.1) lib/active_support/cache/strategy/local_cache_middleware.rb:28:in `call'
actionpack (5.0.1) lib/action_dispatch/middleware/executor.rb:12:in `call'
actionpack (5.0.1) lib/action_dispatch/middleware/static.rb:136:in `call'
rack (2.0.1) lib/rack/sendfile.rb:111:in `call'
railties (5.0.1) lib/rails/engine.rb:522:in `call'
puma (3.6.2) lib/puma/configuration.rb:225:in `call'
puma (3.6.2) lib/puma/server.rb:578:in `handle_request'
puma (3.6.2) lib/puma/server.rb:415:in `process_client'
puma (3.6.2) lib/puma/server.rb:275:in `block in run'
puma (3.6.2) lib/puma/thread_pool.rb:116:in `block in spawn_thread'
Started GET "/users" for ::1 at 2017-01-25 18:30:24 +0100
Processing by UsersController#index as HTML
  Rendering users/index.html.erb within layouts/application
  [1m[36mUser Load (0.5ms)[0m  [1m[34mSELECT "users".* FROM "users"[0m
  Rendered users/index.html.erb within layouts/application (4.0ms)
Completed 200 OK in 135ms (Views: 132.0ms | ActiveRecord: 0.5ms)


  
ActionController::RoutingError (No route matches [GET] "/assets/underscore-min.map"):
  
actionpack (5.0.1) lib/action_dispatch/middleware/debug_exceptions.rb:53:in `call'
web-console (3.4.0) lib/web_console/middleware.rb:135:in `call_app'
web-console (3.4.0) lib/web_console/middleware.rb:28:in `block in call'
web-console (3.4.0) lib/web_console/middleware.rb:18:in `catch'
web-console (3.4.0) lib/web_console/middleware.rb:18:in `call'
actionpack (5.0.1) lib/action_dispatch/middleware/show_exceptions.rb:31:in `call'
railties (5.0.1) lib/rails/rack/logger.rb:36:in `call_app'
railties (5.0.1) lib/rails/rack/logger.rb:24:in `block in call'
activesupport (5.0.1) lib/active_support/tagged_logging.rb:69:in `block in tagged'
activesupport (5.0.1) lib/active_support/tagged_logging.rb:26:in `tagged'
activesupport (5.0.1) lib/active_support/tagged_logging.rb:69:in `tagged'
railties (5.0.1) lib/rails/rack/logger.rb:24:in `call'
sprockets-rails (3.2.0) lib/sprockets/rails/quiet_assets.rb:11:in `block in call'
activesupport (5.0.1) lib/active_support/logger_silence.rb:20:in `silence'
activesupport (5.0.1) lib/active_support/logger.rb:63:in `block (3 levels) in broadcast'
activesupport (5.0.1) lib/active_support/logger_silence.rb:20:in `silence'
activesupport (5.0.1) lib/active_support/logger.rb:61:in `block (2 levels) in broadcast'
sprockets-rails (3.2.0) lib/sprockets/rails/quiet_assets.rb:11:in `call'
actionpack (5.0.1) lib/action_dispatch/middleware/request_id.rb:24:in `call'
rack (2.0.1) lib/rack/method_override.rb:22:in `call'
rack (2.0.1) lib/rack/runtime.rb:22:in `call'
activesupport (5.0.1) lib/active_support/cache/strategy/local_cache_middleware.rb:28:in `call'
actionpack (5.0.1) lib/action_dispatch/middleware/executor.rb:12:in `call'
actionpack (5.0.1) lib/action_dispatch/middleware/static.rb:136:in `call'
rack (2.0.1) lib/rack/sendfile.rb:111:in `call'
railties (5.0.1) lib/rails/engine.rb:522:in `call'
puma (3.6.2) lib/puma/configuration.rb:225:in `call'
puma (3.6.2) lib/puma/server.rb:578:in `handle_request'
puma (3.6.2) lib/puma/server.rb:415:in `process_client'
puma (3.6.2) lib/puma/server.rb:275:in `block in run'
puma (3.6.2) lib/puma/thread_pool.rb:116:in `block in spawn_thread'
Started GET "/users" for ::1 at 2017-01-25 18:34:15 +0100
Processing by UsersController#index as HTML
  [1m[36mUser Load (0.3ms)[0m  [1m[34mSELECT "users".* FROM "users"[0m
  Rendering users/index.html.erb within layouts/application
  Rendered users/index.html.erb within layouts/application (2.5ms)
Completed 200 OK in 136ms (Views: 120.9ms | ActiveRecord: 1.0ms)


Started GET "/users" for ::1 at 2017-01-25 18:35:18 +0100
Processing by UsersController#index as HTML
  [1m[36mUser Load (0.5ms)[0m  [1m[34mSELECT "users".* FROM "users"[0m
Completed 500 Internal Server Error in 25ms (ActiveRecord: 1.6ms)


  
ArgumentError (wrong number of arguments (given 2, expected 1)):
  
app/controllers/users_controller.rb:11:in `block in index'
app/controllers/users_controller.rb:8:in `index'
  Rendering /Users/kallelundgren/.rbenv/versions/2.3.1/lib/ruby/gems/2.3.0/gems/actionpack-5.0.1/lib/action_dispatch/middleware/templates/rescues/diagnostics.html.erb within rescues/layout
  Rendering /Users/kallelundgren/.rbenv/versions/2.3.1/lib/ruby/gems/2.3.0/gems/actionpack-5.0.1/lib/action_dispatch/middleware/templates/rescues/_source.html.erb
  Rendered /Users/kallelundgren/.rbenv/versions/2.3.1/lib/ruby/gems/2.3.0/gems/actionpack-5.0.1/lib/action_dispatch/middleware/templates/rescues/_source.html.erb (5.7ms)
  Rendering /Users/kallelundgren/.rbenv/versions/2.3.1/lib/ruby/gems/2.3.0/gems/actionpack-5.0.1/lib/action_dispatch/middleware/templates/rescues/_trace.html.erb
  Rendered /Users/kallelundgren/.rbenv/versions/2.3.1/lib/ruby/gems/2.3.0/gems/actionpack-5.0.1/lib/action_dispatch/middleware/templates/rescues/_trace.html.erb (2.4ms)
  Rendering /Users/kallelundgren/.rbenv/versions/2.3.1/lib/ruby/gems/2.3.0/gems/actionpack-5.0.1/lib/action_dispatch/middleware/templates/rescues/_request_and_response.html.erb
  Rendered /Users/kallelundgren/.rbenv/versions/2.3.1/lib/ruby/gems/2.3.0/gems/actionpack-5.0.1/lib/action_dispatch/middleware/templates/rescues/_request_and_response.html.erb (0.9ms)
  Rendered /Users/kallelundgren/.rbenv/versions/2.3.1/lib/ruby/gems/2.3.0/gems/actionpack-5.0.1/lib/action_dispatch/middleware/templates/rescues/diagnostics.html.erb within rescues/layout (111.7ms)
Started GET "/users" for ::1 at 2017-01-25 18:35:31 +0100
  
SyntaxError (/Users/kallelundgren/code/Address_mapper/app/controllers/users_controller.rb:11: syntax error, unexpected ',', expecting ')'
      marker.infowindow (user.title, user.name)
                                    ^
/Users/kallelundgren/code/Address_mapper/app/controllers/users_controller.rb:11: syntax error, unexpected ')', expecting keyword_end
/Users/kallelundgren/code/Address_mapper/app/controllers/users_controller.rb:79: syntax error, unexpected end-of-input, expecting keyword_end):
  
app/controllers/users_controller.rb:11: syntax error, unexpected ',', expecting ')'
app/controllers/users_controller.rb:11: syntax error, unexpected ')', expecting keyword_end
app/controllers/users_controller.rb:79: syntax error, unexpected end-of-input, expecting keyword_end
  Rendering /Users/kallelundgren/.rbenv/versions/2.3.1/lib/ruby/gems/2.3.0/gems/actionpack-5.0.1/lib/action_dispatch/middleware/templates/rescues/diagnostics.html.erb within rescues/layout
  Rendering /Users/kallelundgren/.rbenv/versions/2.3.1/lib/ruby/gems/2.3.0/gems/actionpack-5.0.1/lib/action_dispatch/middleware/templates/rescues/_source.html.erb
  Rendered /Users/kallelundgren/.rbenv/versions/2.3.1/lib/ruby/gems/2.3.0/gems/actionpack-5.0.1/lib/action_dispatch/middleware/templates/rescues/_source.html.erb (4.0ms)
  Rendering /Users/kallelundgren/.rbenv/versions/2.3.1/lib/ruby/gems/2.3.0/gems/actionpack-5.0.1/lib/action_dispatch/middleware/templates/rescues/_trace.html.erb
  Rendered /Users/kallelundgren/.rbenv/versions/2.3.1/lib/ruby/gems/2.3.0/gems/actionpack-5.0.1/lib/action_dispatch/middleware/templates/rescues/_trace.html.erb (2.1ms)
  Rendering /Users/kallelundgren/.rbenv/versions/2.3.1/lib/ruby/gems/2.3.0/gems/actionpack-5.0.1/lib/action_dispatch/middleware/templates/rescues/_request_and_response.html.erb
  Rendered /Users/kallelundgren/.rbenv/versions/2.3.1/lib/ruby/gems/2.3.0/gems/actionpack-5.0.1/lib/action_dispatch/middleware/templates/rescues/_request_and_response.html.erb (1.2ms)
  Rendered /Users/kallelundgren/.rbenv/versions/2.3.1/lib/ruby/gems/2.3.0/gems/actionpack-5.0.1/lib/action_dispatch/middleware/templates/rescues/diagnostics.html.erb within rescues/layout (107.2ms)
Started GET "/users" for ::1 at 2017-01-25 18:35:39 +0100
Processing by UsersController#index as HTML
  [1m[36mUser Load (0.4ms)[0m  [1m[34mSELECT "users".* FROM "users"[0m
  Rendering users/index.html.erb within layouts/application
  Rendered users/index.html.erb within layouts/application (3.5ms)
Completed 200 OK in 142ms (Views: 121.9ms | ActiveRecord: 1.1ms)


Started GET "/users" for ::1 at 2017-01-25 18:35:54 +0100
Processing by UsersController#index as HTML
  [1m[36mUser Load (0.3ms)[0m  [1m[34mSELECT "users".* FROM "users"[0m
  Rendering users/index.html.erb within layouts/application
  Rendered users/index.html.erb within layouts/application (2.3ms)
Completed 200 OK in 126ms (Views: 110.7ms | ActiveRecord: 1.3ms)


Started GET "/users" for ::1 at 2017-01-25 18:42:11 +0100
Processing by UsersController#index as HTML
  [1m[36mUser Load (0.4ms)[0m  [1m[34mSELECT "users".* FROM "users"[0m
Completed 500 Internal Server Error in 81ms (ActiveRecord: 1.3ms)


  
NoMethodError (undefined method `name' for #<UsersController:0x007fafbd54de58>):
  
app/controllers/users_controller.rb:71:in `gmaps4rails_infowindow'
app/controllers/users_controller.rb:11:in `block in index'
app/controllers/users_controller.rb:8:in `index'
  Rendering /Users/kallelundgren/.rbenv/versions/2.3.1/lib/ruby/gems/2.3.0/gems/actionpack-5.0.1/lib/action_dispatch/middleware/templates/rescues/diagnostics.html.erb within rescues/layout
  Rendering /Users/kallelundgren/.rbenv/versions/2.3.1/lib/ruby/gems/2.3.0/gems/actionpack-5.0.1/lib/action_dispatch/middleware/templates/rescues/_source.html.erb
  Rendered /Users/kallelundgren/.rbenv/versions/2.3.1/lib/ruby/gems/2.3.0/gems/actionpack-5.0.1/lib/action_dispatch/middleware/templates/rescues/_source.html.erb (5.8ms)
  Rendering /Users/kallelundgren/.rbenv/versions/2.3.1/lib/ruby/gems/2.3.0/gems/actionpack-5.0.1/lib/action_dispatch/middleware/templates/rescues/_trace.html.erb
  Rendered /Users/kallelundgren/.rbenv/versions/2.3.1/lib/ruby/gems/2.3.0/gems/actionpack-5.0.1/lib/action_dispatch/middleware/templates/rescues/_trace.html.erb (2.3ms)
  Rendering /Users/kallelundgren/.rbenv/versions/2.3.1/lib/ruby/gems/2.3.0/gems/actionpack-5.0.1/lib/action_dispatch/middleware/templates/rescues/_request_and_response.html.erb
  Rendered /Users/kallelundgren/.rbenv/versions/2.3.1/lib/ruby/gems/2.3.0/gems/actionpack-5.0.1/lib/action_dispatch/middleware/templates/rescues/_request_and_response.html.erb (1.1ms)
  Rendered /Users/kallelundgren/.rbenv/versions/2.3.1/lib/ruby/gems/2.3.0/gems/actionpack-5.0.1/lib/action_dispatch/middleware/templates/rescues/diagnostics.html.erb within rescues/layout (173.5ms)
Started GET "/users" for ::1 at 2017-01-25 18:42:30 +0100
Processing by UsersController#index as HTML
  [1m[36mUser Load (0.4ms)[0m  [1m[34mSELECT "users".* FROM "users"[0m
Completed 500 Internal Server Error in 161ms (ActiveRecord: 0.9ms)


  
NameError (undefined local variable or method `user' for #<UsersController:0x007fafc26c7090>
Did you mean?  user_url
               users_url
               user_path
               @users):
  
app/controllers/users_controller.rb:71:in `gmaps4rails_infowindow'
app/controllers/users_controller.rb:11:in `block in index'
app/controllers/users_controller.rb:8:in `index'
  Rendering /Users/kallelundgren/.rbenv/versions/2.3.1/lib/ruby/gems/2.3.0/gems/actionpack-5.0.1/lib/action_dispatch/middleware/templates/rescues/diagnostics.html.erb within rescues/layout
  Rendering /Users/kallelundgren/.rbenv/versions/2.3.1/lib/ruby/gems/2.3.0/gems/actionpack-5.0.1/lib/action_dispatch/middleware/templates/rescues/_source.html.erb
  Rendered /Users/kallelundgren/.rbenv/versions/2.3.1/lib/ruby/gems/2.3.0/gems/actionpack-5.0.1/lib/action_dispatch/middleware/templates/rescues/_source.html.erb (6.0ms)
  Rendering /Users/kallelundgren/.rbenv/versions/2.3.1/lib/ruby/gems/2.3.0/gems/actionpack-5.0.1/lib/action_dispatch/middleware/templates/rescues/_trace.html.erb
  Rendered /Users/kallelundgren/.rbenv/versions/2.3.1/lib/ruby/gems/2.3.0/gems/actionpack-5.0.1/lib/action_dispatch/middleware/templates/rescues/_trace.html.erb (2.3ms)
  Rendering /Users/kallelundgren/.rbenv/versions/2.3.1/lib/ruby/gems/2.3.0/gems/actionpack-5.0.1/lib/action_dispatch/middleware/templates/rescues/_request_and_response.html.erb
  Rendered /Users/kallelundgren/.rbenv/versions/2.3.1/lib/ruby/gems/2.3.0/gems/actionpack-5.0.1/lib/action_dispatch/middleware/templates/rescues/_request_and_response.html.erb (1.1ms)
  Rendered /Users/kallelundgren/.rbenv/versions/2.3.1/lib/ruby/gems/2.3.0/gems/actionpack-5.0.1/lib/action_dispatch/middleware/templates/rescues/diagnostics.html.erb within rescues/layout (181.2ms)
Started GET "/users" for ::1 at 2017-01-25 18:42:47 +0100
Processing by UsersController#index as HTML
  [1m[36mUser Load (0.3ms)[0m  [1m[34mSELECT "users".* FROM "users"[0m
Completed 500 Internal Server Error in 12ms (ActiveRecord: 0.9ms)


  
NoMethodError (undefined method `name' for nil:NilClass):
  
app/controllers/users_controller.rb:71:in `gmaps4rails_infowindow'
app/controllers/users_controller.rb:11:in `block in index'
app/controllers/users_controller.rb:8:in `index'
  Rendering /Users/kallelundgren/.rbenv/versions/2.3.1/lib/ruby/gems/2.3.0/gems/actionpack-5.0.1/lib/action_dispatch/middleware/templates/rescues/diagnostics.html.erb within rescues/layout
  Rendering /Users/kallelundgren/.rbenv/versions/2.3.1/lib/ruby/gems/2.3.0/gems/actionpack-5.0.1/lib/action_dispatch/middleware/templates/rescues/_source.html.erb
  Rendered /Users/kallelundgren/.rbenv/versions/2.3.1/lib/ruby/gems/2.3.0/gems/actionpack-5.0.1/lib/action_dispatch/middleware/templates/rescues/_source.html.erb (5.1ms)
  Rendering /Users/kallelundgren/.rbenv/versions/2.3.1/lib/ruby/gems/2.3.0/gems/actionpack-5.0.1/lib/action_dispatch/middleware/templates/rescues/_trace.html.erb
  Rendered /Users/kallelundgren/.rbenv/versions/2.3.1/lib/ruby/gems/2.3.0/gems/actionpack-5.0.1/lib/action_dispatch/middleware/templates/rescues/_trace.html.erb (2.4ms)
  Rendering /Users/kallelundgren/.rbenv/versions/2.3.1/lib/ruby/gems/2.3.0/gems/actionpack-5.0.1/lib/action_dispatch/middleware/templates/rescues/_request_and_response.html.erb
  Rendered /Users/kallelundgren/.rbenv/versions/2.3.1/lib/ruby/gems/2.3.0/gems/actionpack-5.0.1/lib/action_dispatch/middleware/templates/rescues/_request_and_response.html.erb (1.0ms)
  Rendered /Users/kallelundgren/.rbenv/versions/2.3.1/lib/ruby/gems/2.3.0/gems/actionpack-5.0.1/lib/action_dispatch/middleware/templates/rescues/diagnostics.html.erb within rescues/layout (109.3ms)
Started GET "/users" for ::1 at 2017-01-25 18:42:58 +0100
Processing by UsersController#index as HTML
  [1m[36mUser Load (0.3ms)[0m  [1m[34mSELECT "users".* FROM "users"[0m
Completed 500 Internal Server Error in 21ms (ActiveRecord: 0.9ms)


  
NoMethodError (undefined method `title' for #<User::ActiveRecord_Relation:0x007fafc24773f8>):
  
app/controllers/users_controller.rb:71:in `gmaps4rails_infowindow'
app/controllers/users_controller.rb:11:in `block in index'
app/controllers/users_controller.rb:8:in `index'
  Rendering /Users/kallelundgren/.rbenv/versions/2.3.1/lib/ruby/gems/2.3.0/gems/actionpack-5.0.1/lib/action_dispatch/middleware/templates/rescues/diagnostics.html.erb within rescues/layout
  Rendering /Users/kallelundgren/.rbenv/versions/2.3.1/lib/ruby/gems/2.3.0/gems/actionpack-5.0.1/lib/action_dispatch/middleware/templates/rescues/_source.html.erb
  Rendered /Users/kallelundgren/.rbenv/versions/2.3.1/lib/ruby/gems/2.3.0/gems/actionpack-5.0.1/lib/action_dispatch/middleware/templates/rescues/_source.html.erb (4.5ms)
  Rendering /Users/kallelundgren/.rbenv/versions/2.3.1/lib/ruby/gems/2.3.0/gems/actionpack-5.0.1/lib/action_dispatch/middleware/templates/rescues/_trace.html.erb
  Rendered /Users/kallelundgren/.rbenv/versions/2.3.1/lib/ruby/gems/2.3.0/gems/actionpack-5.0.1/lib/action_dispatch/middleware/templates/rescues/_trace.html.erb (2.3ms)
  Rendering /Users/kallelundgren/.rbenv/versions/2.3.1/lib/ruby/gems/2.3.0/gems/actionpack-5.0.1/lib/action_dispatch/middleware/templates/rescues/_request_and_response.html.erb
  Rendered /Users/kallelundgren/.rbenv/versions/2.3.1/lib/ruby/gems/2.3.0/gems/actionpack-5.0.1/lib/action_dispatch/middleware/templates/rescues/_request_and_response.html.erb (0.9ms)
  Rendered /Users/kallelundgren/.rbenv/versions/2.3.1/lib/ruby/gems/2.3.0/gems/actionpack-5.0.1/lib/action_dispatch/middleware/templates/rescues/diagnostics.html.erb within rescues/layout (125.1ms)
Started GET "/users" for ::1 at 2017-01-25 18:43:10 +0100
Processing by UsersController#index as HTML
  [1m[36mUser Load (0.3ms)[0m  [1m[34mSELECT "users".* FROM "users"[0m
  Rendering users/index.html.erb within layouts/application
  Rendered users/index.html.erb within layouts/application (4.2ms)
Completed 200 OK in 147ms (Views: 131.9ms | ActiveRecord: 0.8ms)


Started GET "/users" for ::1 at 2017-01-25 18:44:33 +0100
Processing by UsersController#index as HTML
  [1m[36mUser Load (0.2ms)[0m  [1m[34mSELECT  "users".* FROM "users" WHERE "users"."id" = ? LIMIT ?[0m  [["id", nil], ["LIMIT", 1]]
Completed 404 Not Found in 13ms (ActiveRecord: 0.9ms)


  
ActiveRecord::RecordNotFound (Couldn't find User with 'id'=):
  
app/controllers/users_controller.rb:8:in `index'
  Rendering /Users/kallelundgren/.rbenv/versions/2.3.1/lib/ruby/gems/2.3.0/gems/actionpack-5.0.1/lib/action_dispatch/middleware/templates/rescues/diagnostics.html.erb within rescues/layout
  Rendering /Users/kallelundgren/.rbenv/versions/2.3.1/lib/ruby/gems/2.3.0/gems/actionpack-5.0.1/lib/action_dispatch/middleware/templates/rescues/_source.html.erb
  Rendered /Users/kallelundgren/.rbenv/versions/2.3.1/lib/ruby/gems/2.3.0/gems/actionpack-5.0.1/lib/action_dispatch/middleware/templates/rescues/_source.html.erb (4.9ms)
  Rendering /Users/kallelundgren/.rbenv/versions/2.3.1/lib/ruby/gems/2.3.0/gems/actionpack-5.0.1/lib/action_dispatch/middleware/templates/rescues/_trace.html.erb
  Rendered /Users/kallelundgren/.rbenv/versions/2.3.1/lib/ruby/gems/2.3.0/gems/actionpack-5.0.1/lib/action_dispatch/middleware/templates/rescues/_trace.html.erb (2.1ms)
  Rendering /Users/kallelundgren/.rbenv/versions/2.3.1/lib/ruby/gems/2.3.0/gems/actionpack-5.0.1/lib/action_dispatch/middleware/templates/rescues/_request_and_response.html.erb
  Rendered /Users/kallelundgren/.rbenv/versions/2.3.1/lib/ruby/gems/2.3.0/gems/actionpack-5.0.1/lib/action_dispatch/middleware/templates/rescues/_request_and_response.html.erb (0.9ms)
  Rendered /Users/kallelundgren/.rbenv/versions/2.3.1/lib/ruby/gems/2.3.0/gems/actionpack-5.0.1/lib/action_dispatch/middleware/templates/rescues/diagnostics.html.erb within rescues/layout (110.5ms)
Started GET "/users" for ::1 at 2017-01-25 18:44:59 +0100
Processing by UsersController#index as HTML
  [1m[36mUser Load (0.3ms)[0m  [1m[34mSELECT "users".* FROM "users"[0m
  Rendering users/index.html.erb within layouts/application
  Rendered users/index.html.erb within layouts/application (2.2ms)
Completed 200 OK in 127ms (Views: 112.9ms | ActiveRecord: 0.8ms)


Started GET "/users" for ::1 at 2017-01-25 18:45:38 +0100
Processing by UsersController#index as HTML
  [1m[36mUser Load (0.3ms)[0m  [1m[34mSELECT "users".* FROM "users"[0m
  Rendering users/index.html.erb within layouts/application
  Rendered users/index.html.erb within layouts/application (2.4ms)
Completed 200 OK in 131ms (Views: 112.3ms | ActiveRecord: 1.0ms)


Started GET "/users" for ::1 at 2017-01-25 18:45:57 +0100
Processing by UsersController#index as HTML
  [1m[36mUser Load (0.3ms)[0m  [1m[34mSELECT "users".* FROM "users"[0m
  Rendering users/index.html.erb within layouts/application
  Rendered users/index.html.erb within layouts/application (2.5ms)
Completed 200 OK in 162ms (Views: 146.5ms | ActiveRecord: 0.8ms)


Started GET "/users" for ::1 at 2017-01-25 18:46:17 +0100
Processing by UsersController#index as HTML
  [1m[36mUser Load (0.3ms)[0m  [1m[34mSELECT "users".* FROM "users"[0m
  Rendering users/index.html.erb within layouts/application
  Rendered users/index.html.erb within layouts/application (3.5ms)
Completed 200 OK in 148ms (Views: 132.7ms | ActiveRecord: 0.8ms)


Started GET "/users" for ::1 at 2017-01-25 18:46:34 +0100
Processing by UsersController#index as HTML
  [1m[36mUser Load (0.3ms)[0m  [1m[34mSELECT "users".* FROM "users"[0m
  Rendering users/index.html.erb within layouts/application
  Rendered users/index.html.erb within layouts/application (2.5ms)
Completed 200 OK in 129ms (Views: 114.9ms | ActiveRecord: 0.9ms)


Started GET "/users" for ::1 at 2017-01-25 18:46:54 +0100
Processing by UsersController#index as HTML
  [1m[36mUser Load (0.6ms)[0m  [1m[34mSELECT "users".* FROM "users"[0m
  Rendering users/index.html.erb within layouts/application
  Rendered users/index.html.erb within layouts/application (2.1ms)
Completed 200 OK in 137ms (Views: 133.0ms | ActiveRecord: 0.6ms)


Started GET "/users" for ::1 at 2017-01-25 18:47:03 +0100
Processing by UsersController#index as HTML
  [1m[36mUser Load (0.2ms)[0m  [1m[34mSELECT "users".* FROM "users"[0m
  Rendering users/index.html.erb within layouts/application
  Rendered users/index.html.erb within layouts/application (2.1ms)
Completed 200 OK in 112ms (Views: 108.6ms | ActiveRecord: 0.2ms)


Started GET "/users" for ::1 at 2017-01-25 18:47:11 +0100
Processing by UsersController#index as HTML
  [1m[36mUser Load (0.2ms)[0m  [1m[34mSELECT "users".* FROM "users"[0m
  Rendering users/index.html.erb within layouts/application
  Rendered users/index.html.erb within layouts/application (1.9ms)
Completed 200 OK in 138ms (Views: 135.2ms | ActiveRecord: 0.2ms)


Started GET "/users" for ::1 at 2017-01-25 18:47:16 +0100
Processing by UsersController#index as HTML
  [1m[36mUser Load (0.6ms)[0m  [1m[34mSELECT "users".* FROM "users"[0m
  Rendering users/index.html.erb within layouts/application
  Rendered users/index.html.erb within layouts/application (1.8ms)
Completed 200 OK in 120ms (Views: 116.2ms | ActiveRecord: 0.6ms)


Started GET "/users" for ::1 at 2017-01-25 18:47:20 +0100
Processing by UsersController#index as HTML
  [1m[36mUser Load (0.2ms)[0m  [1m[34mSELECT "users".* FROM "users"[0m
  Rendering users/index.html.erb within layouts/application
  Rendered users/index.html.erb within layouts/application (2.1ms)
Completed 200 OK in 121ms (Views: 117.7ms | ActiveRecord: 0.2ms)


Started GET "/users" for ::1 at 2017-01-25 18:47:25 +0100
Processing by UsersController#index as HTML
  [1m[36mUser Load (0.7ms)[0m  [1m[34mSELECT "users".* FROM "users"[0m
  Rendering users/index.html.erb within layouts/application
  Rendered users/index.html.erb within layouts/application (2.2ms)
Completed 200 OK in 117ms (Views: 113.0ms | ActiveRecord: 0.7ms)


Started GET "/users" for ::1 at 2017-01-25 18:47:52 +0100
Processing by UsersController#index as HTML
  [1m[36mUser Load (0.7ms)[0m  [1m[34mSELECT "users".* FROM "users"[0m
  Rendering users/index.html.erb within layouts/application
  Rendered users/index.html.erb within layouts/application (2.2ms)
Completed 200 OK in 122ms (Views: 117.9ms | ActiveRecord: 0.7ms)


Started GET "/users" for ::1 at 2017-01-25 18:48:10 +0100
Processing by UsersController#index as HTML
  [1m[36mUser Load (0.2ms)[0m  [1m[34mSELECT "users".* FROM "users"[0m
  Rendering users/index.html.erb within layouts/application
  Rendered users/index.html.erb within layouts/application (2.1ms)
Completed 200 OK in 128ms (Views: 125.5ms | ActiveRecord: 0.2ms)


Started GET "/users" for ::1 at 2017-01-25 18:48:26 +0100
Processing by UsersController#index as HTML
  [1m[36mUser Load (0.2ms)[0m  [1m[34mSELECT "users".* FROM "users"[0m
  Rendering users/index.html.erb within layouts/application
  Rendered users/index.html.erb within layouts/application (2.2ms)
Completed 200 OK in 125ms (Views: 122.0ms | ActiveRecord: 0.2ms)


Started GET "/users" for ::1 at 2017-01-25 18:48:54 +0100
Processing by UsersController#index as HTML
  [1m[36mUser Load (0.2ms)[0m  [1m[34mSELECT "users".* FROM "users"[0m
  Rendering users/index.html.erb within layouts/application
  Rendered users/index.html.erb within layouts/application (2.1ms)
Completed 200 OK in 121ms (Views: 117.8ms | ActiveRecord: 0.2ms)


